# JRE version: OpenJDK Runtime Environment (21.0.8) (build 21.0.8+-14196175-b1038.72)
# Java VM: OpenJDK 64-Bit Server VM (21.0.8+-14196175-b1038.72, mixed mode, tiered, compressed oops, compressed class ptrs, g1 gc, windows-amd64)
GC Precious Log:
 CardTable entry size: 512
 Card Set container configuration: InlinePtr #cards 5 size 8 Array Of Cards #cards 12 size 40 Howl #buckets 4 coarsen threshold 1843 Howl Bitmap #cards 512 size 80 coarsen threshold 460 Card regions per heap region 1 cards per card region 2048
 CPUs: 8 total, 8 available
 Memory: 16225M
 Large Page Support: Disabled
 NUMA Support: Disabled
 Compressed Oops: Enabled (32-bit)
 Heap Region Size: 1M
 Heap Min Capacity: 8M
 Heap Initial Capacity: 254M
 Heap Max Capacity: 2G
 Pre-touch: Disabled
 Parallel Workers: 8
 Concurrent Workers: 2
 Concurrent Refinement Workers: 8
 Periodic GC: Disabled
Heap:
 garbage-first heap   total 530432K, used 384644K [0x0000000080000000, 0x0000000100000000)
  region size 1024K, 102 young (104448K), 26 survivors (26624K)
 Metaspace       used 187101K, committed 188544K, reserved 1245184K
  class space    used 25113K, committed 25792K, reserved 1048576K
GC Heap History (20 events):
Event: 1825.915 GC heap before
{Heap before GC invocations=67 (full 0):
 garbage-first heap   total 505856K, used 462336K [0x0000000080000000, 0x0000000100000000)
  region size 1024K, 158 young (161792K), 15 survivors (15360K)
 Metaspace       used 170810K, committed 173440K, reserved 1245184K
  class space    used 22994K, committed 24256K, reserved 1048576K
}
Event: 1825.951 GC heap after
{Heap after GC invocations=68 (full 0):
 garbage-first heap   total 530432K, used 315274K [0x0000000080000000, 0x0000000100000000)
  region size 1024K, 20 young (20480K), 20 survivors (20480K)
 Metaspace       used 170810K, committed 173440K, reserved 1245184K
  class space    used 22994K, committed 24256K, reserved 1048576K
}
Event: 1827.565 GC heap before
{Heap before GC invocations=68 (full 0):
 garbage-first heap   total 530432K, used 463754K [0x0000000080000000, 0x0000000100000000)
  region size 1024K, 166 young (169984K), 20 survivors (20480K)
 Metaspace       used 171103K, committed 173760K, reserved 1245184K
  class space    used 23009K, committed 24320K, reserved 1048576K
}
Event: 1827.588 GC heap after
{Heap after GC invocations=69 (full 0):
 garbage-first heap   total 530432K, used 313753K [0x0000000080000000, 0x0000000100000000)
  region size 1024K, 14 young (14336K), 14 survivors (14336K)
 Metaspace       used 171103K, committed 173760K, reserved 1245184K
  class space    used 23009K, committed 24320K, reserved 1048576K
}
Event: 1828.187 GC heap before
{Heap before GC invocations=69 (full 0):
 garbage-first heap   total 530432K, used 354713K [0x0000000080000000, 0x0000000100000000)
  region size 1024K, 55 young (56320K), 14 survivors (14336K)
 Metaspace       used 171322K, committed 173952K, reserved 1245184K
  class space    used 23033K, committed 24320K, reserved 1048576K
}
Event: 1828.198 GC heap after
{Heap after GC invocations=70 (full 0):
 garbage-first heap   total 530432K, used 318800K [0x0000000080000000, 0x0000000100000000)
  region size 1024K, 11 young (11264K), 11 survivors (11264K)
 Metaspace       used 171322K, committed 173952K, reserved 1245184K
  class space    used 23033K, committed 24320K, reserved 1048576K
}
Event: 1829.890 GC heap before
{Heap before GC invocations=71 (full 0):
 garbage-first heap   total 530432K, used 464208K [0x0000000080000000, 0x0000000100000000)
  region size 1024K, 157 young (160768K), 11 survivors (11264K)
 Metaspace       used 176255K, committed 178112K, reserved 1245184K
  class space    used 23580K, committed 24704K, reserved 1048576K
}
Event: 1829.913 GC heap after
{Heap after GC invocations=72 (full 0):
 garbage-first heap   total 530432K, used 333304K [0x0000000080000000, 0x0000000100000000)
  region size 1024K, 20 young (20480K), 20 survivors (20480K)
 Metaspace       used 176255K, committed 178112K, reserved 1245184K
  class space    used 23580K, committed 24704K, reserved 1048576K
}
Event: 1831.019 GC heap before
{Heap before GC invocations=72 (full 0):
 garbage-first heap   total 530432K, used 470520K [0x0000000080000000, 0x0000000100000000)
  region size 1024K, 155 young (158720K), 20 survivors (20480K)
 Metaspace       used 180939K, committed 182720K, reserved 1245184K
  class space    used 24207K, committed 25216K, reserved 1048576K
}
Event: 1831.042 GC heap after
{Heap after GC invocations=73 (full 0):
 garbage-first heap   total 530432K, used 294400K [0x0000000080000000, 0x0000000100000000)
  region size 1024K, 4 young (4096K), 4 survivors (4096K)
 Metaspace       used 180939K, committed 182720K, reserved 1245184K
  class space    used 24207K, committed 25216K, reserved 1048576K
}
Event: 1831.905 GC heap before
{Heap before GC invocations=73 (full 0):
 garbage-first heap   total 530432K, used 470528K [0x0000000080000000, 0x0000000100000000)
  region size 1024K, 177 young (181248K), 4 survivors (4096K)
 Metaspace       used 182719K, committed 184512K, reserved 1245184K
  class space    used 24452K, committed 25408K, reserved 1048576K
}
Event: 1831.925 GC heap after
{Heap after GC invocations=74 (full 0):
 garbage-first heap   total 530432K, used 285952K [0x0000000080000000, 0x0000000100000000)
  region size 1024K, 6 young (6144K), 6 survivors (6144K)
 Metaspace       used 182719K, committed 184512K, reserved 1245184K
  class space    used 24452K, committed 25408K, reserved 1048576K
}
Event: 1832.029 GC heap before
{Heap before GC invocations=74 (full 0):
 garbage-first heap   total 530432K, used 304384K [0x0000000080000000, 0x0000000100000000)
  region size 1024K, 26 young (26624K), 6 survivors (6144K)
 Metaspace       used 182896K, committed 184640K, reserved 1245184K
  class space    used 24473K, committed 25408K, reserved 1048576K
}
Event: 1832.035 GC heap after
{Heap after GC invocations=75 (full 0):
 garbage-first heap   total 530432K, used 286815K [0x0000000080000000, 0x0000000100000000)
  region size 1024K, 7 young (7168K), 7 survivors (7168K)
 Metaspace       used 182896K, committed 184640K, reserved 1245184K
  class space    used 24473K, committed 25408K, reserved 1048576K
}
Event: 1833.291 GC heap before
{Heap before GC invocations=76 (full 0):
 garbage-first heap   total 530432K, used 477279K [0x0000000080000000, 0x0000000100000000)
  region size 1024K, 200 young (204800K), 7 survivors (7168K)
 Metaspace       used 183701K, committed 185280K, reserved 1245184K
  class space    used 24663K, committed 25472K, reserved 1048576K
}
Event: 1833.299 GC heap after
{Heap after GC invocations=77 (full 0):
 garbage-first heap   total 530432K, used 279986K [0x0000000080000000, 0x0000000100000000)
  region size 1024K, 7 young (7168K), 7 survivors (7168K)
 Metaspace       used 183701K, committed 185280K, reserved 1245184K
  class space    used 24663K, committed 25472K, reserved 1048576K
}
Event: 1834.537 GC heap before
{Heap before GC invocations=77 (full 0):
 garbage-first heap   total 530432K, used 491954K [0x0000000080000000, 0x0000000100000000)
  region size 1024K, 215 young (220160K), 7 survivors (7168K)
 Metaspace       used 184039K, committed 185664K, reserved 1245184K
  class space    used 24680K, committed 25472K, reserved 1048576K
}
Event: 1834.555 GC heap after
{Heap after GC invocations=78 (full 0):
 garbage-first heap   total 530432K, used 252292K [0x0000000080000000, 0x0000000100000000)
  region size 1024K, 10 young (10240K), 10 survivors (10240K)
 Metaspace       used 184039K, committed 185664K, reserved 1245184K
  class space    used 24680K, committed 25472K, reserved 1048576K
}
Event: 1836.062 GC heap before
{Heap before GC invocations=78 (full 0):
 garbage-first heap   total 530432K, used 371076K [0x0000000080000000, 0x0000000100000000)
  region size 1024K, 128 young (131072K), 10 survivors (10240K)
 Metaspace       used 185382K, committed 186880K, reserved 1245184K
  class space    used 24866K, committed 25600K, reserved 1048576K
}
Event: 1836.082 GC heap after
{Heap after GC invocations=79 (full 0):
 garbage-first heap   total 530432K, used 267908K [0x0000000080000000, 0x0000000100000000)
  region size 1024K, 26 young (26624K), 26 survivors (26624K)
 Metaspace       used 185382K, committed 186880K, reserved 1245184K
  class space    used 24866K, committed 25600K, reserved 1048576K
}

